{
  "stats": {
    "suites": 1,
    "tests": 1,
    "passes": 1,
    "pending": 0,
    "failures": 0,
    "start": "2021-10-16T19:00:26.362Z",
    "end": "2021-10-16T19:00:44.196Z",
    "duration": 17834,
    "testsRegistered": 1,
    "passPercent": 100,
    "pendingPercent": 0,
    "other": 0,
    "hasOther": false,
    "skipped": 0,
    "hasSkipped": false
  },
  "results": [
    {
      "uuid": "1f0d1e5a-0ec0-4531-9da0-19e9918f0182",
      "title": "",
      "fullFile": "cypress/integration/Cadastro.spec.js",
      "file": "cypress/integration/Cadastro.spec.js",
      "beforeHooks": [],
      "afterHooks": [],
      "tests": [],
      "suites": [
        {
          "uuid": "4db498bf-2fd1-43c0-85b8-c17cf83aeb24",
          "title": "Cadastro",
          "fullFile": "",
          "file": "",
          "beforeHooks": [],
          "afterHooks": [],
          "tests": [
            {
              "title": "Quando eu informar o e-mail e clicar em criar sua conta, então deve-se preencher os dados e finalizar o cadastro",
              "fullTitle": "Cadastro Quando eu informar o e-mail e clicar em criar sua conta, então deve-se preencher os dados e finalizar o cadastro",
              "timedOut": null,
              "duration": 14208,
              "state": "passed",
              "speed": "slow",
              "pass": true,
              "fail": false,
              "pending": false,
              "context": null,
              "code": "const firstName = chance.first();\nconst lastName = chance.last();\nconst email = chance.email();\ncy.visit('http://automationpractice.com/index.php?controller=authentication&back=my-account');\ncy.get('input[name=email_create]').type(email);\ncy.get('#SubmitCreate > span').click();\ncy.get('input[value=2]').check();\ncy.get('input[name=customer_firstname]').type(firstName);\ncy.get('input[name=customer_lastname]').type(lastName);\ncy.get('input[name=passwd]').type('123456');\ncy.get('select#days').select(chance.natural({\n  min: 1,\n  max: 28\n}));\ncy.get('select#months').select(chance.month());\ncy.get('select#years').select(chance.year({\n  min: 1950,\n  max: 2000\n}));\ncy.get('input[name=newsletter]').check({\n  force: true\n});\ncy.get('input[name=optin]').check({\n  force: true\n});\ncy.get('input[name=company]').type(chance.company());\ncy.get('input[name=address1]').type(chance.address());\ncy.get('input[name=address2]').type('Apartamento');\ncy.get('input[name=city]').type(chance.city());\ncy.get('select#id_state').select(chance.natural({\n  min: 1,\n  max: 53\n}));\ncy.get('input[name=postcode]').type(chance.zip());\ncy.get('select#id_country').select('United States');\ncy.get('input[name=phone_mobile]').type(chance.phone());\ncy.get('input[name=alias]').type(chance.address());\ncy.get('select#id_state').select(chance.natural({\n  min: 1,\n  max: 53\n}));\ncy.get('#submitAccount > span').click();\ncy.url().should('contain', 'my-account');\ncy.contains('My personal information').click();\ncy.url().should('contain', 'identity');\ncy.get('#firstname').should('contain.value', firstName);\ncy.get('#lastname').should('contain.value', lastName);\ncy.get('#email').should('contain.value', email);",
              "err": {},
              "uuid": "55242438-d6fe-433d-8936-e5dca55b481b",
              "parentUUID": "4db498bf-2fd1-43c0-85b8-c17cf83aeb24",
              "isHook": false,
              "skipped": false
            }
          ],
          "suites": [],
          "passes": [
            "55242438-d6fe-433d-8936-e5dca55b481b"
          ],
          "failures": [],
          "pending": [],
          "skipped": [],
          "duration": 14208,
          "root": false,
          "rootEmpty": false,
          "_timeout": 2000
        }
      ],
      "passes": [],
      "failures": [],
      "pending": [],
      "skipped": [],
      "duration": 0,
      "root": true,
      "rootEmpty": true,
      "_timeout": 2000
    }
  ],
  "meta": {
    "mocha": {
      "version": "7.0.1"
    },
    "mochawesome": {
      "options": {
        "quiet": true,
        "reportFilename": "mochawesome",
        "saveHtml": false,
        "saveJson": true,
        "consoleReporter": "spec",
        "useInlineDiffs": false,
        "code": true
      },
      "version": "6.3.1"
    },
    "marge": {
      "options": {
        "id": "default",
        "reportDir": "mochawesome-report",
        "quiet": true,
        "overwrite": false,
        "html": false,
        "json": true
      },
      "version": "5.2.0"
    }
  }
}